<?xml version="1.0" encoding="UTF-8"?>
<!-- Generated by org.testng.reporters.JUnitXMLReporter -->
<testsuite hostname="admin-PC" ignored="0" name="Default test" tests="6" failures="0" timestamp="16 Dec 2017 15:41:08 GMT" time="60.246" errors="0">
  <testcase name="loginpagetestcase" time="0.02" classname="com.redbusprojects.testcases.TC_001LoginPage">
    <skipped/>
  </testcase> <!-- loginpagetestcase -->
  <testcase name="loginpagetestcase" time="0.002" classname="com.redbusprojects.testcases.TC_001LoginPage">
    <skipped/>
  </testcase> <!-- loginpagetestcase -->
  <testcase name="loginpagetestcase" time="0.003" classname="com.redbusprojects.testcases.TC_001LoginPage">
    <skipped/>
  </testcase> <!-- loginpagetestcase -->
  <testcase name="loginpagetestcase" time="48.045" classname="com.redbusprojects.testcases.TC_001LoginPage"/>
  <testcase name="loginpagetestcase" time="11.434" classname="com.redbusprojects.testcases.TC_001LoginPage"/>
  <testcase name="loginpagetestcase" time="0.001" classname="com.redbusprojects.testcases.TC_001LoginPage">
    <skipped/>
  </testcase> <!-- loginpagetestcase -->
</testsuite> <!-- Default test -->
